c:\users\matthew\dropbox\university-of-dayton\spring2018masters\data-communications\assignment1\weiler-conrad-gore-webcrawlerpart1\webcrawler\webcrawler\debug\webcrawler.pch
c:\users\matthew\dropbox\university-of-dayton\spring2018masters\data-communications\assignment1\weiler-conrad-gore-webcrawlerpart1\webcrawler\webcrawler\debug\vc141.pdb
c:\users\matthew\dropbox\university-of-dayton\spring2018masters\data-communications\assignment1\weiler-conrad-gore-webcrawlerpart1\webcrawler\webcrawler\debug\vc141.idb
c:\users\matthew\dropbox\university-of-dayton\spring2018masters\data-communications\assignment1\weiler-conrad-gore-webcrawlerpart1\webcrawler\webcrawler\debug\stdafx.obj
c:\users\matthew\dropbox\university-of-dayton\spring2018masters\data-communications\assignment1\weiler-conrad-gore-webcrawlerpart1\webcrawler\webcrawler\debug\weiler-conrad-gore-main.obj
c:\users\matthew\dropbox\university-of-dayton\spring2018masters\data-communications\assignment1\weiler-conrad-gore-webcrawlerpart1\webcrawler\webcrawler\debug\webcrawler.obj
c:\users\jonathan\dropbox\cps 470\assignment 1\winsock\weiler-conrad-gore-webcrawlerpart1\webcrawler\webcrawler\debug\vc141.pdb
c:\users\matthew\dropbox\university-of-dayton\spring2018masters\data-communications\assignment1\weiler-conrad-gore-webcrawlerpart1\webcrawler\debug\webcrawler.exe
c:\users\matthew\dropbox\university-of-dayton\spring2018masters\data-communications\assignment1\weiler-conrad-gore-webcrawlerpart1\webcrawler\debug\webcrawler.ilk
c:\users\matthew\dropbox\university-of-dayton\spring2018masters\data-communications\assignment1\weiler-conrad-gore-webcrawlerpart1\webcrawler\debug\webcrawler.pdb
c:\users\jonathan\dropbox\cps 470\assignment 1\winsock\weiler-conrad-gore-webcrawlerpart1\webcrawler\webcrawler\debug\main.obj
c:\users\jonathan\dropbox\cps 470\assignment 1\winsock\weiler-conrad-gore-webcrawlerpart1\webcrawler\webcrawler\debug\stdafx.obj
c:\users\jonathan\dropbox\cps 470\assignment 1\winsock\weiler-conrad-gore-webcrawlerpart1\webcrawler\webcrawler\debug\webcrawler.obj
c:\users\jonathan\dropbox\cps 470\assignment 1\winsock\weiler-conrad-gore-webcrawlerpart1\webcrawler\webcrawler\debug\weiler-conrad-gore-main.obj
c:\users\jonathan\dropbox\cps 470\assignment 1\winsock\weiler-conrad-gore-webcrawlerpart1\webcrawler\webcrawler\debug\vc120.idb
c:\users\jonathan\dropbox\cps 470\assignment 1\winsock\weiler-conrad-gore-webcrawlerpart1\webcrawler\webcrawler\debug\vc141.idb
c:\users\jonathan\dropbox\cps 470\assignment 1\winsock\weiler-conrad-gore-webcrawlerpart1\webcrawler\webcrawler\debug\vc120.pdb
c:\users\jonathan\dropbox\cps 470\assignment 1\winsock\weiler-conrad-gore-webcrawlerpart1\webcrawler\debug\webcrawler.pdb
c:\users\jonathan\dropbox\cps 470\assignment 1\winsock\weiler-conrad-gore-webcrawlerpart1\webcrawler\debug\webcrawler.exe
c:\users\jonathan\dropbox\cps 470\assignment 1\winsock\weiler-conrad-gore-webcrawlerpart1\webcrawler\debug\webcrawler.ilk
c:\users\jonathan\dropbox\cps 470\assignment 1\winsock\weiler-conrad-gore-webcrawlerpart1\webcrawler\webcrawler\debug\webcrawler.tlog\cl.command.1.tlog
c:\users\jonathan\dropbox\cps 470\assignment 1\winsock\weiler-conrad-gore-webcrawlerpart1\webcrawler\webcrawler\debug\webcrawler.tlog\cl.read.1.tlog
c:\users\jonathan\dropbox\cps 470\assignment 1\winsock\weiler-conrad-gore-webcrawlerpart1\webcrawler\webcrawler\debug\webcrawler.tlog\cl.write.1.tlog
c:\users\jonathan\dropbox\cps 470\assignment 1\winsock\weiler-conrad-gore-webcrawlerpart1\webcrawler\webcrawler\debug\webcrawler.tlog\link.command.1.tlog
c:\users\jonathan\dropbox\cps 470\assignment 1\winsock\weiler-conrad-gore-webcrawlerpart1\webcrawler\webcrawler\debug\webcrawler.tlog\link.delete.1.tlog
c:\users\jonathan\dropbox\cps 470\assignment 1\winsock\weiler-conrad-gore-webcrawlerpart1\webcrawler\webcrawler\debug\webcrawler.tlog\link.read.1.tlog
c:\users\jonathan\dropbox\cps 470\assignment 1\winsock\weiler-conrad-gore-webcrawlerpart1\webcrawler\webcrawler\debug\webcrawler.tlog\link.write.1.tlog
